2025-11-03 20:17:13,623 - app_logger - INFO - Starting train-test split
2025-11-03 20:17:13,733 - app_logger - INFO - Building LOGISTIC_REGRESSION model...
2025-11-03 20:17:13,788 - app_logger - INFO - logistic regression model trained
2025-11-03 20:17:37,681 - app_logger - INFO - Starting sequence-based data preparation
2025-11-03 20:17:37,914 - app_logger - INFO - Sequence split complete: Train=(800, 200), Test=(200, 200)
2025-11-03 20:17:37,927 - app_logger - INFO - Building LSTM model...
2025-11-03 20:19:18,277 - app_logger - INFO - Starting sequence-based data preparation
2025-11-03 20:19:18,429 - app_logger - INFO - Sequence split complete: Train=(800, 200), Test=(200, 200)
2025-11-03 20:19:18,436 - app_logger - INFO - Building CNN model...
2025-11-03 20:19:58,409 - app_logger - INFO - Starting sequence-based data preparation
2025-11-03 20:19:58,554 - app_logger - INFO - Sequence split complete: Train=(800, 200), Test=(200, 200)
2025-11-03 20:19:58,563 - app_logger - INFO - Building CNN_LSTM model...
2025-11-03 20:20:47,855 - app_logger - INFO - Starting sequence-based data preparation
2025-11-03 20:20:48,040 - app_logger - INFO - Sequence split complete: Train=(800, 200), Test=(200, 200)
2025-11-03 20:20:48,064 - app_logger - ERROR - Error in file [c:\Users\User\Documents\Project\project_006\src\pipeline\evaluate_pipeline.py] at line [162]: ValueError - X has 200 features, but LogisticRegression is expecting 50 features as input.
2025-11-03 20:20:48,065 - app_logger - ERROR - Full traceback:
Traceback (most recent call last):
  File "c:\Users\User\Documents\Project\project_006\src\pipeline\evaluate_pipeline.py", line 162, in run
    metrics = evaluator.evaluate(model, X_test, y_test, name)
              ^^^^^^^^^^^^^^^^^^^^^^^^^^^^^^^^^^^^^^^^^^^^^^^
  File "c:\Users\User\Documents\Project\project_006\src\models\evaluate_model.py", line 18, in evaluate
    y_pred = model.predict(X_test)
             ^^^^^^^^^^^^^^^^^^^^^
  File "C:\Users\User\anaconda3\Lib\site-packages\sklearn\linear_model\_base.py", line 375, in predict
    scores = self.decision_function(X)
             ^^^^^^^^^^^^^^^^^^^^^^^^^
  File "C:\Users\User\anaconda3\Lib\site-packages\sklearn\linear_model\_base.py", line 352, in decision_function
    X = validate_data(self, X, accept_sparse="csr", reset=False)
        ^^^^^^^^^^^^^^^^^^^^^^^^^^^^^^^^^^^^^^^^^^^^^^^^^^^^^^^^
  File "C:\Users\User\anaconda3\Lib\site-packages\sklearn\utils\validation.py", line 2975, in validate_data
    _check_n_features(_estimator, X, reset=reset)
  File "C:\Users\User\anaconda3\Lib\site-packages\sklearn\utils\validation.py", line 2839, in _check_n_features
    raise ValueError(
ValueError: X has 200 features, but LogisticRegression is expecting 50 features as input.

